0 info it worked if it ends with ok
1 verbose cli [ '/usr/local/node/bin/node',
1 verbose cli   '/usr/local/node/bin/npm',
1 verbose cli   'install' ]
2 info using npm@1.4.28
3 info using node@v0.10.32
4 warn package.json kj-calculator@1.0.0 No repository field.
5 warn package.json kj-calculator@1.0.0 No README data
6 verbose readDependencies using package.json deps
7 verbose install where, deps [ '/Users/kjones/Documents/Code/kj-calculator',
7 verbose install   [ 'gulp',
7 verbose install     'gulp-sass',
7 verbose install     'gulp-concat',
7 verbose install     'gulp-minify-css',
7 verbose install     'gulp-rename',
7 verbose install     'bower',
7 verbose install     'gulp-util',
7 verbose install     'shelljs' ] ]
8 info preinstall kj-calculator@1.0.0
9 verbose readDependencies using package.json deps
10 verbose cache add [ 'gulp@^3.5.6', null ]
11 verbose cache add name=undefined spec="gulp@^3.5.6" args=["gulp@^3.5.6",null]
12 verbose parsed url { protocol: null,
12 verbose parsed url   slashes: null,
12 verbose parsed url   auth: null,
12 verbose parsed url   host: null,
12 verbose parsed url   port: null,
12 verbose parsed url   hostname: null,
12 verbose parsed url   hash: null,
12 verbose parsed url   search: null,
12 verbose parsed url   query: null,
12 verbose parsed url   pathname: 'gulp@^3.5.6',
12 verbose parsed url   path: 'gulp@^3.5.6',
12 verbose parsed url   href: 'gulp@^3.5.6' }
13 verbose cache add [ 'gulp-sass@^0.7.1', null ]
14 verbose cache add name=undefined spec="gulp-sass@^0.7.1" args=["gulp-sass@^0.7.1",null]
15 verbose parsed url { protocol: null,
15 verbose parsed url   slashes: null,
15 verbose parsed url   auth: null,
15 verbose parsed url   host: null,
15 verbose parsed url   port: null,
15 verbose parsed url   hostname: null,
15 verbose parsed url   hash: null,
15 verbose parsed url   search: null,
15 verbose parsed url   query: null,
15 verbose parsed url   pathname: 'gulp-sass@^0.7.1',
15 verbose parsed url   path: 'gulp-sass@^0.7.1',
15 verbose parsed url   href: 'gulp-sass@^0.7.1' }
16 verbose cache add name="gulp" spec="^3.5.6" args=["gulp","^3.5.6"]
17 verbose parsed url { protocol: null,
17 verbose parsed url   slashes: null,
17 verbose parsed url   auth: null,
17 verbose parsed url   host: null,
17 verbose parsed url   port: null,
17 verbose parsed url   hostname: null,
17 verbose parsed url   hash: null,
17 verbose parsed url   search: null,
17 verbose parsed url   query: null,
17 verbose parsed url   pathname: '^3.5.6',
17 verbose parsed url   path: '^3.5.6',
17 verbose parsed url   href: '^3.5.6' }
18 verbose addNamed [ 'gulp', '^3.5.6' ]
19 verbose addNamed [ null, '>=3.5.6-0 <4.0.0-0' ]
20 verbose cache add [ 'gulp-concat@^2.2.0', null ]
21 verbose cache add name=undefined spec="gulp-concat@^2.2.0" args=["gulp-concat@^2.2.0",null]
22 verbose parsed url { protocol: null,
22 verbose parsed url   slashes: null,
22 verbose parsed url   auth: null,
22 verbose parsed url   host: null,
22 verbose parsed url   port: null,
22 verbose parsed url   hostname: null,
22 verbose parsed url   hash: null,
22 verbose parsed url   search: null,
22 verbose parsed url   query: null,
22 verbose parsed url   pathname: 'gulp-concat@^2.2.0',
22 verbose parsed url   path: 'gulp-concat@^2.2.0',
22 verbose parsed url   href: 'gulp-concat@^2.2.0' }
23 verbose cache add [ 'gulp-minify-css@^0.3.0', null ]
24 verbose cache add name=undefined spec="gulp-minify-css@^0.3.0" args=["gulp-minify-css@^0.3.0",null]
25 verbose parsed url { protocol: null,
25 verbose parsed url   slashes: null,
25 verbose parsed url   auth: null,
25 verbose parsed url   host: null,
25 verbose parsed url   port: null,
25 verbose parsed url   hostname: null,
25 verbose parsed url   hash: null,
25 verbose parsed url   search: null,
25 verbose parsed url   query: null,
25 verbose parsed url   pathname: 'gulp-minify-css@^0.3.0',
25 verbose parsed url   path: 'gulp-minify-css@^0.3.0',
25 verbose parsed url   href: 'gulp-minify-css@^0.3.0' }
26 verbose cache add [ 'gulp-rename@^1.2.0', null ]
27 verbose cache add name=undefined spec="gulp-rename@^1.2.0" args=["gulp-rename@^1.2.0",null]
28 verbose parsed url { protocol: null,
28 verbose parsed url   slashes: null,
28 verbose parsed url   auth: null,
28 verbose parsed url   host: null,
28 verbose parsed url   port: null,
28 verbose parsed url   hostname: null,
28 verbose parsed url   hash: null,
28 verbose parsed url   search: null,
28 verbose parsed url   query: null,
28 verbose parsed url   pathname: 'gulp-rename@^1.2.0',
28 verbose parsed url   path: 'gulp-rename@^1.2.0',
28 verbose parsed url   href: 'gulp-rename@^1.2.0' }
29 verbose cache add name="gulp-sass" spec="^0.7.1" args=["gulp-sass","^0.7.1"]
30 verbose parsed url { protocol: null,
30 verbose parsed url   slashes: null,
30 verbose parsed url   auth: null,
30 verbose parsed url   host: null,
30 verbose parsed url   port: null,
30 verbose parsed url   hostname: null,
30 verbose parsed url   hash: null,
30 verbose parsed url   search: null,
30 verbose parsed url   query: null,
30 verbose parsed url   pathname: '^0.7.1',
30 verbose parsed url   path: '^0.7.1',
30 verbose parsed url   href: '^0.7.1' }
31 verbose addNamed [ 'gulp-sass', '^0.7.1' ]
32 verbose addNamed [ null, '>=0.7.1-0 <0.8.0-0' ]
33 silly lockFile 28ac0b1b-gulp-3-5-6 gulp@^3.5.6
34 verbose lock gulp@^3.5.6 /Users/kjones/.npm/28ac0b1b-gulp-3-5-6.lock
35 silly lockFile 77100620-gulp-sass-0-7-1 gulp-sass@^0.7.1
36 verbose lock gulp-sass@^0.7.1 /Users/kjones/.npm/77100620-gulp-sass-0-7-1.lock
37 verbose cache add name="gulp-concat" spec="^2.2.0" args=["gulp-concat","^2.2.0"]
38 verbose parsed url { protocol: null,
38 verbose parsed url   slashes: null,
38 verbose parsed url   auth: null,
38 verbose parsed url   host: null,
38 verbose parsed url   port: null,
38 verbose parsed url   hostname: null,
38 verbose parsed url   hash: null,
38 verbose parsed url   search: null,
38 verbose parsed url   query: null,
38 verbose parsed url   pathname: '^2.2.0',
38 verbose parsed url   path: '^2.2.0',
38 verbose parsed url   href: '^2.2.0' }
39 verbose addNamed [ 'gulp-concat', '^2.2.0' ]
40 verbose addNamed [ null, '>=2.2.0-0 <3.0.0-0' ]
41 silly lockFile bade1119-gulp-concat-2-2-0 gulp-concat@^2.2.0
42 verbose lock gulp-concat@^2.2.0 /Users/kjones/.npm/bade1119-gulp-concat-2-2-0.lock
43 verbose cache add name="gulp-minify-css" spec="^0.3.0" args=["gulp-minify-css","^0.3.0"]
44 verbose parsed url { protocol: null,
44 verbose parsed url   slashes: null,
44 verbose parsed url   auth: null,
44 verbose parsed url   host: null,
44 verbose parsed url   port: null,
44 verbose parsed url   hostname: null,
44 verbose parsed url   hash: null,
44 verbose parsed url   search: null,
44 verbose parsed url   query: null,
44 verbose parsed url   pathname: '^0.3.0',
44 verbose parsed url   path: '^0.3.0',
44 verbose parsed url   href: '^0.3.0' }
45 verbose addNamed [ 'gulp-minify-css', '^0.3.0' ]
46 verbose addNamed [ null, '>=0.3.0-0 <0.4.0-0' ]
47 silly lockFile 97140670-gulp-minify-css-0-3-0 gulp-minify-css@^0.3.0
48 verbose lock gulp-minify-css@^0.3.0 /Users/kjones/.npm/97140670-gulp-minify-css-0-3-0.lock
49 verbose cache add name="gulp-rename" spec="^1.2.0" args=["gulp-rename","^1.2.0"]
50 verbose parsed url { protocol: null,
50 verbose parsed url   slashes: null,
50 verbose parsed url   auth: null,
50 verbose parsed url   host: null,
50 verbose parsed url   port: null,
50 verbose parsed url   hostname: null,
50 verbose parsed url   hash: null,
50 verbose parsed url   search: null,
50 verbose parsed url   query: null,
50 verbose parsed url   pathname: '^1.2.0',
50 verbose parsed url   path: '^1.2.0',
50 verbose parsed url   href: '^1.2.0' }
51 verbose addNamed [ 'gulp-rename', '^1.2.0' ]
52 verbose addNamed [ null, '>=1.2.0-0 <2.0.0-0' ]
53 silly lockFile 31cef36d-gulp-rename-1-2-0 gulp-rename@^1.2.0
54 verbose lock gulp-rename@^1.2.0 /Users/kjones/.npm/31cef36d-gulp-rename-1-2-0.lock
55 verbose cache add [ 'bower@^1.3.3', null ]
56 verbose cache add name=undefined spec="bower@^1.3.3" args=["bower@^1.3.3",null]
57 verbose parsed url { protocol: null,
57 verbose parsed url   slashes: null,
57 verbose parsed url   auth: null,
57 verbose parsed url   host: null,
57 verbose parsed url   port: null,
57 verbose parsed url   hostname: null,
57 verbose parsed url   hash: null,
57 verbose parsed url   search: null,
57 verbose parsed url   query: null,
57 verbose parsed url   pathname: 'bower@^1.3.3',
57 verbose parsed url   path: 'bower@^1.3.3',
57 verbose parsed url   href: 'bower@^1.3.3' }
58 verbose cache add [ 'gulp-util@^2.2.14', null ]
59 verbose cache add name=undefined spec="gulp-util@^2.2.14" args=["gulp-util@^2.2.14",null]
60 verbose parsed url { protocol: null,
60 verbose parsed url   slashes: null,
60 verbose parsed url   auth: null,
60 verbose parsed url   host: null,
60 verbose parsed url   port: null,
60 verbose parsed url   hostname: null,
60 verbose parsed url   hash: null,
60 verbose parsed url   search: null,
60 verbose parsed url   query: null,
60 verbose parsed url   pathname: 'gulp-util@^2.2.14',
60 verbose parsed url   path: 'gulp-util@^2.2.14',
60 verbose parsed url   href: 'gulp-util@^2.2.14' }
61 verbose cache add [ 'shelljs@^0.3.0', null ]
62 verbose cache add name=undefined spec="shelljs@^0.3.0" args=["shelljs@^0.3.0",null]
63 verbose parsed url { protocol: null,
63 verbose parsed url   slashes: null,
63 verbose parsed url   auth: null,
63 verbose parsed url   host: null,
63 verbose parsed url   port: null,
63 verbose parsed url   hostname: null,
63 verbose parsed url   hash: null,
63 verbose parsed url   search: null,
63 verbose parsed url   query: null,
63 verbose parsed url   pathname: 'shelljs@^0.3.0',
63 verbose parsed url   path: 'shelljs@^0.3.0',
63 verbose parsed url   href: 'shelljs@^0.3.0' }
64 verbose cache add name="bower" spec="^1.3.3" args=["bower","^1.3.3"]
65 verbose parsed url { protocol: null,
65 verbose parsed url   slashes: null,
65 verbose parsed url   auth: null,
65 verbose parsed url   host: null,
65 verbose parsed url   port: null,
65 verbose parsed url   hostname: null,
65 verbose parsed url   hash: null,
65 verbose parsed url   search: null,
65 verbose parsed url   query: null,
65 verbose parsed url   pathname: '^1.3.3',
65 verbose parsed url   path: '^1.3.3',
65 verbose parsed url   href: '^1.3.3' }
66 verbose addNamed [ 'bower', '^1.3.3' ]
67 verbose addNamed [ null, '>=1.3.3-0 <2.0.0-0' ]
68 silly lockFile 0aa5c27e-bower-1-3-3 bower@^1.3.3
69 verbose lock bower@^1.3.3 /Users/kjones/.npm/0aa5c27e-bower-1-3-3.lock
70 verbose cache add name="gulp-util" spec="^2.2.14" args=["gulp-util","^2.2.14"]
71 verbose parsed url { protocol: null,
71 verbose parsed url   slashes: null,
71 verbose parsed url   auth: null,
71 verbose parsed url   host: null,
71 verbose parsed url   port: null,
71 verbose parsed url   hostname: null,
71 verbose parsed url   hash: null,
71 verbose parsed url   search: null,
71 verbose parsed url   query: null,
71 verbose parsed url   pathname: '^2.2.14',
71 verbose parsed url   path: '^2.2.14',
71 verbose parsed url   href: '^2.2.14' }
72 verbose addNamed [ 'gulp-util', '^2.2.14' ]
73 verbose addNamed [ null, '>=2.2.14-0 <3.0.0-0' ]
74 silly lockFile e3e5f16b-gulp-util-2-2-14 gulp-util@^2.2.14
75 verbose lock gulp-util@^2.2.14 /Users/kjones/.npm/e3e5f16b-gulp-util-2-2-14.lock
76 verbose cache add name="shelljs" spec="^0.3.0" args=["shelljs","^0.3.0"]
77 verbose parsed url { protocol: null,
77 verbose parsed url   slashes: null,
77 verbose parsed url   auth: null,
77 verbose parsed url   host: null,
77 verbose parsed url   port: null,
77 verbose parsed url   hostname: null,
77 verbose parsed url   hash: null,
77 verbose parsed url   search: null,
77 verbose parsed url   query: null,
77 verbose parsed url   pathname: '^0.3.0',
77 verbose parsed url   path: '^0.3.0',
77 verbose parsed url   href: '^0.3.0' }
78 verbose addNamed [ 'shelljs', '^0.3.0' ]
79 verbose addNamed [ null, '>=0.3.0-0 <0.4.0-0' ]
80 silly lockFile 1ddaa962-shelljs-0-3-0 shelljs@^0.3.0
81 verbose lock shelljs@^0.3.0 /Users/kjones/.npm/1ddaa962-shelljs-0-3-0.lock
82 silly addNameRange { name: 'gulp', range: '>=3.5.6-0 <4.0.0-0', hasData: false }
83 silly addNameRange { name: 'gulp-sass',
83 silly addNameRange   range: '>=0.7.1-0 <0.8.0-0',
83 silly addNameRange   hasData: false }
84 silly addNameRange { name: 'gulp-concat',
84 silly addNameRange   range: '>=2.2.0-0 <3.0.0-0',
84 silly addNameRange   hasData: false }
85 silly addNameRange { name: 'gulp-minify-css',
85 silly addNameRange   range: '>=0.3.0-0 <0.4.0-0',
85 silly addNameRange   hasData: false }
86 silly addNameRange { name: 'gulp-rename',
86 silly addNameRange   range: '>=1.2.0-0 <2.0.0-0',
86 silly addNameRange   hasData: false }
87 verbose request where is /gulp-sass
88 verbose request registry https://registry.npmjs.org/
89 verbose request id 8c197f412d3e811c
90 verbose url raw /gulp-sass
91 verbose url resolving [ 'https://registry.npmjs.org/', './gulp-sass' ]
92 verbose url resolved https://registry.npmjs.org/gulp-sass
93 verbose request where is https://registry.npmjs.org/gulp-sass
94 info trying registry request attempt 1 at 15:43:39
95 http GET https://registry.npmjs.org/gulp-sass
96 verbose request where is /gulp-concat
97 verbose request registry https://registry.npmjs.org/
98 verbose url raw /gulp-concat
99 verbose url resolving [ 'https://registry.npmjs.org/', './gulp-concat' ]
100 verbose url resolved https://registry.npmjs.org/gulp-concat
101 verbose request where is https://registry.npmjs.org/gulp-concat
102 info trying registry request attempt 1 at 15:43:39
103 http GET https://registry.npmjs.org/gulp-concat
104 verbose request where is /gulp-minify-css
105 verbose request registry https://registry.npmjs.org/
106 verbose url raw /gulp-minify-css
107 verbose url resolving [ 'https://registry.npmjs.org/', './gulp-minify-css' ]
108 verbose url resolved https://registry.npmjs.org/gulp-minify-css
109 verbose request where is https://registry.npmjs.org/gulp-minify-css
110 info trying registry request attempt 1 at 15:43:39
111 http GET https://registry.npmjs.org/gulp-minify-css
112 silly addNameRange { name: 'bower', range: '>=1.3.3-0 <2.0.0-0', hasData: false }
113 verbose request where is /gulp-rename
114 verbose request registry https://registry.npmjs.org/
115 verbose url raw /gulp-rename
116 verbose url resolving [ 'https://registry.npmjs.org/', './gulp-rename' ]
117 verbose url resolved https://registry.npmjs.org/gulp-rename
118 verbose request where is https://registry.npmjs.org/gulp-rename
119 info trying registry request attempt 1 at 15:43:39
120 http GET https://registry.npmjs.org/gulp-rename
121 silly addNameRange { name: 'gulp-util',
121 silly addNameRange   range: '>=2.2.14-0 <3.0.0-0',
121 silly addNameRange   hasData: false }
122 silly addNameRange { name: 'shelljs', range: '>=0.3.0-0 <0.4.0-0', hasData: false }
123 verbose request where is /bower
124 verbose request registry https://registry.npmjs.org/
125 verbose url raw /bower
126 verbose url resolving [ 'https://registry.npmjs.org/', './bower' ]
127 verbose url resolved https://registry.npmjs.org/bower
128 verbose request where is https://registry.npmjs.org/bower
129 info trying registry request attempt 1 at 15:43:39
130 http GET https://registry.npmjs.org/bower
131 verbose request where is /shelljs
132 verbose request registry https://registry.npmjs.org/
133 verbose url raw /shelljs
134 verbose url resolving [ 'https://registry.npmjs.org/', './shelljs' ]
135 verbose url resolved https://registry.npmjs.org/shelljs
136 verbose request where is https://registry.npmjs.org/shelljs
137 info trying registry request attempt 1 at 15:43:39
138 http GET https://registry.npmjs.org/shelljs
139 verbose request where is /gulp
140 verbose request registry https://registry.npmjs.org/
141 verbose url raw /gulp
142 verbose url resolving [ 'https://registry.npmjs.org/', './gulp' ]
143 verbose url resolved https://registry.npmjs.org/gulp
144 verbose request where is https://registry.npmjs.org/gulp
145 info trying registry request attempt 1 at 15:43:39
146 verbose etag "4G0ZDV1T1DORKDINFRKJFJ13B"
147 http GET https://registry.npmjs.org/gulp
148 verbose request where is /gulp-util
149 verbose request registry https://registry.npmjs.org/
150 verbose url raw /gulp-util
151 verbose url resolving [ 'https://registry.npmjs.org/', './gulp-util' ]
152 verbose url resolved https://registry.npmjs.org/gulp-util
153 verbose request where is https://registry.npmjs.org/gulp-util
154 info trying registry request attempt 1 at 15:43:39
155 verbose etag "25D2R2FQSCD9H68SGK59EJL7B"
156 http GET https://registry.npmjs.org/gulp-util
157 http 200 https://registry.npmjs.org/gulp-rename
158 silly registry.get cb [ 200,
158 silly registry.get   { date: 'Tue, 14 Oct 2014 20:43:40 GMT',
158 silly registry.get     server: 'CouchDB/1.5.0 (Erlang OTP/R16B03)',
158 silly registry.get     etag: '"98E7BTP82SI7VFBMN1DCYUKQ2"',
158 silly registry.get     'content-type': 'application/json',
158 silly registry.get     'cache-control': 'max-age=60',
158 silly registry.get     'content-length': '9710',
158 silly registry.get     'accept-ranges': 'bytes',
158 silly registry.get     via: '1.1 varnish',
158 silly registry.get     age: '50',
158 silly registry.get     'x-served-by': 'cache-dfw1825-DFW',
158 silly registry.get     'x-cache': 'HIT',
158 silly registry.get     'x-cache-hits': '1',
158 silly registry.get     'x-timer': 'S1413319420.349172,VS0,VE0',
158 silly registry.get     vary: 'Accept',
158 silly registry.get     'keep-alive': 'timeout=10, max=50',
158 silly registry.get     connection: 'Keep-Alive' } ]
159 silly addNameRange number 2 { name: 'gulp-rename',
159 silly addNameRange   range: '>=1.2.0-0 <2.0.0-0',
159 silly addNameRange   hasData: true }
160 silly addNameRange versions [ 'gulp-rename',
160 silly addNameRange   [ '0.1.0', '0.2.1', '0.2.2', '1.0.0', '1.1.0', '1.2.0' ] ]
161 verbose addNamed [ 'gulp-rename', '1.2.0' ]
162 verbose addNamed [ '1.2.0', '1.2.0' ]
163 silly lockFile 5981c611-gulp-rename-1-2-0 gulp-rename@1.2.0
164 verbose lock gulp-rename@1.2.0 /Users/kjones/.npm/5981c611-gulp-rename-1-2-0.lock
165 silly lockFile b4be9a05-ulp-rename-gulp-rename-1-2-0-tgz https://registry.npmjs.org/gulp-rename/-/gulp-rename-1.2.0.tgz
166 verbose lock https://registry.npmjs.org/gulp-rename/-/gulp-rename-1.2.0.tgz /Users/kjones/.npm/b4be9a05-ulp-rename-gulp-rename-1-2-0-tgz.lock
167 verbose addRemoteTarball [ 'https://registry.npmjs.org/gulp-rename/-/gulp-rename-1.2.0.tgz',
167 verbose addRemoteTarball   '060394a09b085cf5d46fc48acdc5657f8fee9e4e' ]
168 info retry fetch attempt 1 at 15:43:40
169 verbose fetch to= /var/folders/42/zr8g8_j56lnc4kcvs6nzysbw0000gp/T/npm-9714-IEI3kkeB/registry.npmjs.org/gulp-rename/-/gulp-rename-1.2.0.tgz
170 http GET https://registry.npmjs.org/gulp-rename/-/gulp-rename-1.2.0.tgz
171 http 200 https://registry.npmjs.org/gulp-sass
172 silly registry.get cb [ 200,
172 silly registry.get   { date: 'Tue, 14 Oct 2014 20:43:40 GMT',
172 silly registry.get     server: 'CouchDB/1.5.0 (Erlang OTP/R16B03)',
172 silly registry.get     etag: '"9TTI9Q3BQRYZA663LHIJZK5OR"',
172 silly registry.get     'content-type': 'application/json',
172 silly registry.get     'cache-control': 'max-age=60',
172 silly registry.get     'content-length': '21143',
172 silly registry.get     'accept-ranges': 'bytes',
172 silly registry.get     via: '1.1 varnish',
172 silly registry.get     age: '50',
172 silly registry.get     'x-served-by': 'cache-dfw1833-DFW',
172 silly registry.get     'x-cache': 'HIT',
172 silly registry.get     'x-cache-hits': '1',
172 silly registry.get     'x-timer': 'S1413319420.348464,VS0,VE0',
172 silly registry.get     vary: 'Accept',
172 silly registry.get     'keep-alive': 'timeout=10, max=50',
172 silly registry.get     connection: 'Keep-Alive' } ]
173 silly addNameRange number 2 { name: 'gulp-sass', range: '>=0.7.1-0 <0.8.0-0', hasData: true }
174 silly addNameRange versions [ 'gulp-sass',
174 silly addNameRange   [ '0.1.0',
174 silly addNameRange     '0.2.1',
174 silly addNameRange     '0.2.2',
174 silly addNameRange     '0.2.3',
174 silly addNameRange     '0.3.0',
174 silly addNameRange     '0.4.0',
174 silly addNameRange     '0.4.1',
174 silly addNameRange     '0.5.0',
174 silly addNameRange     '0.5.1',
174 silly addNameRange     '0.5.2',
174 silly addNameRange     '0.6.0',
174 silly addNameRange     '0.7.0',
174 silly addNameRange     '0.7.1',
174 silly addNameRange     '0.7.2',
174 silly addNameRange     '0.7.3',
174 silly addNameRange     '1.0.0',
174 silly addNameRange     '1.1.0' ] ]
175 verbose addNamed [ 'gulp-sass', '0.7.3' ]
176 verbose addNamed [ '0.7.3', '0.7.3' ]
177 silly lockFile 721f0c96-gulp-sass-0-7-3 gulp-sass@0.7.3
178 verbose lock gulp-sass@0.7.3 /Users/kjones/.npm/721f0c96-gulp-sass-0-7-3.lock
179 silly lockFile d66f14f4-rg-gulp-sass-gulp-sass-0-7-3-tgz https://registry.npmjs.org/gulp-sass/-/gulp-sass-0.7.3.tgz
180 verbose lock https://registry.npmjs.org/gulp-sass/-/gulp-sass-0.7.3.tgz /Users/kjones/.npm/d66f14f4-rg-gulp-sass-gulp-sass-0-7-3-tgz.lock
181 verbose addRemoteTarball [ 'https://registry.npmjs.org/gulp-sass/-/gulp-sass-0.7.3.tgz',
181 verbose addRemoteTarball   '4bfbb4e4d95a40be8beeebe07e8e477e7f7a2edc' ]
182 info retry fetch attempt 1 at 15:43:40
183 verbose fetch to= /var/folders/42/zr8g8_j56lnc4kcvs6nzysbw0000gp/T/npm-9714-IEI3kkeB/registry.npmjs.org/gulp-sass/-/gulp-sass-0.7.3.tgz
184 http GET https://registry.npmjs.org/gulp-sass/-/gulp-sass-0.7.3.tgz
185 http 200 https://registry.npmjs.org/gulp-minify-css
186 silly registry.get cb [ 200,
186 silly registry.get   { date: 'Tue, 14 Oct 2014 20:43:40 GMT',
186 silly registry.get     server: 'CouchDB/1.5.0 (Erlang OTP/R16B03)',
186 silly registry.get     etag: '"A8I1GLN3YG43D1RCVTOGL9601"',
186 silly registry.get     'content-type': 'application/json',
186 silly registry.get     'cache-control': 'max-age=60',
186 silly registry.get     'content-length': '20638',
186 silly registry.get     'accept-ranges': 'bytes',
186 silly registry.get     via: '1.1 varnish',
186 silly registry.get     age: '0',
186 silly registry.get     'x-served-by': 'cache-dfw1829-DFW',
186 silly registry.get     'x-cache': 'HIT',
186 silly registry.get     'x-cache-hits': '1',
186 silly registry.get     'x-timer': 'S1413319420.349640,VS0,VE62',
186 silly registry.get     vary: 'Accept',
186 silly registry.get     'keep-alive': 'timeout=10, max=50',
186 silly registry.get     connection: 'Keep-Alive' } ]
187 silly addNameRange number 2 { name: 'gulp-minify-css',
187 silly addNameRange   range: '>=0.3.0-0 <0.4.0-0',
187 silly addNameRange   hasData: true }
188 silly addNameRange versions [ 'gulp-minify-css',
188 silly addNameRange   [ '0.0.1',
188 silly addNameRange     '0.1.0',
188 silly addNameRange     '0.2.0',
188 silly addNameRange     '0.3.0',
188 silly addNameRange     '0.3.1',
188 silly addNameRange     '0.3.2',
188 silly addNameRange     '0.3.3',
188 silly addNameRange     '0.3.4',
188 silly addNameRange     '0.3.5',
188 silly addNameRange     '0.3.6',
188 silly addNameRange     '0.3.7',
188 silly addNameRange     '0.3.8',
188 silly addNameRange     '0.3.9',
188 silly addNameRange     '0.3.10' ] ]
189 verbose addNamed [ 'gulp-minify-css', '0.3.10' ]
190 verbose addNamed [ '0.3.10', '0.3.10' ]
191 silly lockFile a5eaf149-gulp-minify-css-0-3-10 gulp-minify-css@0.3.10
192 verbose lock gulp-minify-css@0.3.10 /Users/kjones/.npm/a5eaf149-gulp-minify-css-0-3-10.lock
193 http 200 https://registry.npmjs.org/gulp-concat
194 silly registry.get cb [ 200,
194 silly registry.get   { date: 'Tue, 14 Oct 2014 20:43:40 GMT',
194 silly registry.get     server: 'CouchDB/1.5.0 (Erlang OTP/R16B03)',
194 silly registry.get     etag: '"ATPRBRZTSSH3404CKEPWER6WR"',
194 silly registry.get     'content-type': 'application/json',
194 silly registry.get     'cache-control': 'max-age=60',
194 silly registry.get     'content-length': '27051',
194 silly registry.get     'accept-ranges': 'bytes',
194 silly registry.get     via: '1.1 varnish',
194 silly registry.get     age: '57',
194 silly registry.get     'x-served-by': 'cache-dfw1824-DFW',
194 silly registry.get     'x-cache': 'HIT',
194 silly registry.get     'x-cache-hits': '1',
194 silly registry.get     'x-timer': 'S1413319420.350005,VS0,VE0',
194 silly registry.get     vary: 'Accept',
194 silly registry.get     'keep-alive': 'timeout=10, max=50',
194 silly registry.get     connection: 'Keep-Alive' } ]
195 silly lockFile b6dee3ea-y-css-gulp-minify-css-0-3-10-tgz https://registry.npmjs.org/gulp-minify-css/-/gulp-minify-css-0.3.10.tgz
196 verbose lock https://registry.npmjs.org/gulp-minify-css/-/gulp-minify-css-0.3.10.tgz /Users/kjones/.npm/b6dee3ea-y-css-gulp-minify-css-0-3-10-tgz.lock
197 verbose addRemoteTarball [ 'https://registry.npmjs.org/gulp-minify-css/-/gulp-minify-css-0.3.10.tgz',
197 verbose addRemoteTarball   '11756aff7a509622c76eb998e6ee623b44bd8692' ]
198 info retry fetch attempt 1 at 15:43:40
199 verbose fetch to= /var/folders/42/zr8g8_j56lnc4kcvs6nzysbw0000gp/T/npm-9714-IEI3kkeB/registry.npmjs.org/gulp-minify-css/-/gulp-minify-css-0.3.10.tgz
200 silly addNameRange number 2 { name: 'gulp-concat',
200 silly addNameRange   range: '>=2.2.0-0 <3.0.0-0',
200 silly addNameRange   hasData: true }
201 silly addNameRange versions [ 'gulp-concat',
201 silly addNameRange   [ '0.0.1',
201 silly addNameRange     '1.0.0',
201 silly addNameRange     '1.1.0',
201 silly addNameRange     '2.0.0',
201 silly addNameRange     '2.1.0',
201 silly addNameRange     '2.1.1',
201 silly addNameRange     '2.1.2',
201 silly addNameRange     '2.1.3',
201 silly addNameRange     '2.1.4',
201 silly addNameRange     '2.1.5',
201 silly addNameRange     '2.1.6',
201 silly addNameRange     '2.1.7',
201 silly addNameRange     '2.2.0',
201 silly addNameRange     '2.3.0',
201 silly addNameRange     '2.3.3',
201 silly addNameRange     '2.3.4',
201 silly addNameRange     '2.3.5',
201 silly addNameRange     '2.4.0',
201 silly addNameRange     '2.4.1' ] ]
202 verbose addNamed [ 'gulp-concat', '2.4.1' ]
203 verbose addNamed [ '2.4.1', '2.4.1' ]
204 silly lockFile 248ae42e-gulp-concat-2-4-1 gulp-concat@2.4.1
205 verbose lock gulp-concat@2.4.1 /Users/kjones/.npm/248ae42e-gulp-concat-2-4-1.lock
206 http GET https://registry.npmjs.org/gulp-minify-css/-/gulp-minify-css-0.3.10.tgz
207 silly lockFile 86ce1ad4-ulp-concat-gulp-concat-2-4-1-tgz https://registry.npmjs.org/gulp-concat/-/gulp-concat-2.4.1.tgz
208 verbose lock https://registry.npmjs.org/gulp-concat/-/gulp-concat-2.4.1.tgz /Users/kjones/.npm/86ce1ad4-ulp-concat-gulp-concat-2-4-1-tgz.lock
209 verbose addRemoteTarball [ 'https://registry.npmjs.org/gulp-concat/-/gulp-concat-2.4.1.tgz',
209 verbose addRemoteTarball   '3097eb348a306708f400cf86cfb7d03ca5a55c94' ]
210 info retry fetch attempt 1 at 15:43:40
211 verbose fetch to= /var/folders/42/zr8g8_j56lnc4kcvs6nzysbw0000gp/T/npm-9714-IEI3kkeB/registry.npmjs.org/gulp-concat/-/gulp-concat-2.4.1.tgz
212 http GET https://registry.npmjs.org/gulp-concat/-/gulp-concat-2.4.1.tgz
213 http 304 https://registry.npmjs.org/gulp-util
214 silly registry.get cb [ 304,
214 silly registry.get   { date: 'Tue, 14 Oct 2014 20:43:40 GMT',
214 silly registry.get     server: 'Apache',
214 silly registry.get     via: '1.1 varnish',
214 silly registry.get     'last-modified': 'Tue, 14 Oct 2014 20:43:34 GMT',
214 silly registry.get     'cache-control': 'max-age=60',
214 silly registry.get     etag: '"25D2R2FQSCD9H68SGK59EJL7B"',
214 silly registry.get     age: '18',
214 silly registry.get     'x-served-by': 'cache-dfw1829-DFW',
214 silly registry.get     'x-cache': 'HIT',
214 silly registry.get     'x-cache-hits': '3',
214 silly registry.get     'x-timer': 'S1413319420.543276,VS0,VE0',
214 silly registry.get     vary: 'Accept',
214 silly registry.get     'content-length': '0',
214 silly registry.get     'keep-alive': 'timeout=10, max=49',
214 silly registry.get     connection: 'Keep-Alive' } ]
215 verbose etag https://registry.npmjs.org/gulp-util from cache
216 silly addNameRange number 2 { name: 'gulp-util',
216 silly addNameRange   range: '>=2.2.14-0 <3.0.0-0',
216 silly addNameRange   hasData: true }
217 silly addNameRange versions [ 'gulp-util',
217 silly addNameRange   [ '0.0.1',
217 silly addNameRange     '1.0.0',
217 silly addNameRange     '1.1.0',
217 silly addNameRange     '1.1.1',
217 silly addNameRange     '1.2.0',
217 silly addNameRange     '1.3.0',
217 silly addNameRange     '2.0.0',
217 silly addNameRange     '2.1.1',
217 silly addNameRange     '2.1.2',
217 silly addNameRange     '2.1.3',
217 silly addNameRange     '2.1.4',
217 silly addNameRange     '2.2.0',
217 silly addNameRange     '2.2.1',
217 silly addNameRange     '2.2.2',
217 silly addNameRange     '2.2.3',
217 silly addNameRange     '2.2.5',
217 silly addNameRange     '2.2.6',
217 silly addNameRange     '2.2.7',
217 silly addNameRange     '2.2.8',
217 silly addNameRange     '2.2.9',
217 silly addNameRange     '2.2.10',
217 silly addNameRange     '2.2.11',
217 silly addNameRange     '2.2.12',
217 silly addNameRange     '2.2.13',
217 silly addNameRange     '2.2.14',
217 silly addNameRange     '2.2.15',
217 silly addNameRange     '2.2.16',
217 silly addNameRange     '2.2.17',
217 silly addNameRange     '2.2.18',
217 silly addNameRange     '2.2.19',
217 silly addNameRange     '2.2.20',
217 silly addNameRange     '3.0.0',
217 silly addNameRange     '3.0.1' ] ]
218 verbose addNamed [ 'gulp-util', '2.2.20' ]
219 verbose addNamed [ '2.2.20', '2.2.20' ]
220 silly lockFile 48c194cb-gulp-util-2-2-20 gulp-util@2.2.20
221 verbose lock gulp-util@2.2.20 /Users/kjones/.npm/48c194cb-gulp-util-2-2-20.lock
222 silly lockFile 34166e88-g-gulp-util-gulp-util-2-2-20-tgz https://registry.npmjs.org/gulp-util/-/gulp-util-2.2.20.tgz
223 verbose lock https://registry.npmjs.org/gulp-util/-/gulp-util-2.2.20.tgz /Users/kjones/.npm/34166e88-g-gulp-util-gulp-util-2-2-20-tgz.lock
224 verbose addRemoteTarball [ 'https://registry.npmjs.org/gulp-util/-/gulp-util-2.2.20.tgz',
224 verbose addRemoteTarball   'd7146e5728910bd8f047a6b0b1e549bc22dbd64c' ]
225 info retry fetch attempt 1 at 15:43:40
226 verbose fetch to= /var/folders/42/zr8g8_j56lnc4kcvs6nzysbw0000gp/T/npm-9714-IEI3kkeB/registry.npmjs.org/gulp-util/-/gulp-util-2.2.20.tgz
227 http GET https://registry.npmjs.org/gulp-util/-/gulp-util-2.2.20.tgz
228 http 200 https://registry.npmjs.org/shelljs
229 silly registry.get cb [ 200,
229 silly registry.get   { date: 'Tue, 14 Oct 2014 20:43:40 GMT',
229 silly registry.get     server: 'CouchDB/1.5.0 (Erlang OTP/R16B03)',
229 silly registry.get     etag: '"BOHMK3IMFKCVANT6VIVC1I7V"',
229 silly registry.get     'content-type': 'application/json',
229 silly registry.get     'cache-control': 'max-age=60',
229 silly registry.get     'content-length': '48308',
229 silly registry.get     'accept-ranges': 'bytes',
229 silly registry.get     via: '1.1 varnish',
229 silly registry.get     age: '14',
229 silly registry.get     'x-served-by': 'cache-dfw1825-DFW',
229 silly registry.get     'x-cache': 'HIT',
229 silly registry.get     'x-cache-hits': '1',
229 silly registry.get     'x-timer': 'S1413319420.419010,VS0,VE0',
229 silly registry.get     vary: 'Accept',
229 silly registry.get     'keep-alive': 'timeout=10, max=49',
229 silly registry.get     connection: 'Keep-Alive' } ]
230 http 200 https://registry.npmjs.org/gulp-rename/-/gulp-rename-1.2.0.tgz
231 http 200 https://registry.npmjs.org/gulp-sass/-/gulp-sass-0.7.3.tgz
232 silly addNameRange number 2 { name: 'shelljs', range: '>=0.3.0-0 <0.4.0-0', hasData: true }
233 silly addNameRange versions [ 'shelljs',
233 silly addNameRange   [ '0.0.1',
233 silly addNameRange     '0.0.2',
233 silly addNameRange     '0.0.3',
233 silly addNameRange     '0.0.4',
233 silly addNameRange     '0.0.5',
233 silly addNameRange     '0.0.6',
233 silly addNameRange     '0.0.7',
233 silly addNameRange     '0.0.8',
233 silly addNameRange     '0.0.9',
233 silly addNameRange     '0.1.0',
233 silly addNameRange     '0.1.1',
233 silly addNameRange     '0.1.2',
233 silly addNameRange     '0.1.3',
233 silly addNameRange     '0.1.4',
233 silly addNameRange     '0.2.0',
233 silly addNameRange     '0.2.1',
233 silly addNameRange     '0.2.2',
233 silly addNameRange     '0.2.3',
233 silly addNameRange     '0.2.4',
233 silly addNameRange     '0.2.5',
233 silly addNameRange     '0.2.6',
233 silly addNameRange     '0.3.0',
233 silly addNameRange     '0.0.1-alpha1',
233 silly addNameRange     '0.0.2-pre1',
233 silly addNameRange     '0.0.4-pre1',
233 silly addNameRange     '0.0.5-pre1',
233 silly addNameRange     '0.0.5-pre2',
233 silly addNameRange     '0.0.5-pre3',
233 silly addNameRange     '0.0.5-pre4',
233 silly addNameRange     '0.0.6-pre1',
233 silly addNameRange     '0.0.6-pre2' ] ]
234 verbose addNamed [ 'shelljs', '0.3.0' ]
235 verbose addNamed [ '0.3.0', '0.3.0' ]
236 silly lockFile 7d3918b1-shelljs-0-3-0 shelljs@0.3.0
237 verbose lock shelljs@0.3.0 /Users/kjones/.npm/7d3918b1-shelljs-0-3-0.lock
238 silly lockFile 71d5ea4a-js-org-shelljs-shelljs-0-3-0-tgz https://registry.npmjs.org/shelljs/-/shelljs-0.3.0.tgz
239 verbose lock https://registry.npmjs.org/shelljs/-/shelljs-0.3.0.tgz /Users/kjones/.npm/71d5ea4a-js-org-shelljs-shelljs-0-3-0-tgz.lock
240 verbose addRemoteTarball [ 'https://registry.npmjs.org/shelljs/-/shelljs-0.3.0.tgz',
240 verbose addRemoteTarball   '3596e6307a781544f591f37da618360f31db57b1' ]
241 info retry fetch attempt 1 at 15:43:40
242 verbose fetch to= /var/folders/42/zr8g8_j56lnc4kcvs6nzysbw0000gp/T/npm-9714-IEI3kkeB/registry.npmjs.org/shelljs/-/shelljs-0.3.0.tgz
243 http GET https://registry.npmjs.org/shelljs/-/shelljs-0.3.0.tgz
244 silly lockFile b4be9a05-ulp-rename-gulp-rename-1-2-0-tgz https://registry.npmjs.org/gulp-rename/-/gulp-rename-1.2.0.tgz
245 silly lockFile b4be9a05-ulp-rename-gulp-rename-1-2-0-tgz https://registry.npmjs.org/gulp-rename/-/gulp-rename-1.2.0.tgz
246 silly lockFile 5981c611-gulp-rename-1-2-0 gulp-rename@1.2.0
247 silly lockFile 5981c611-gulp-rename-1-2-0 gulp-rename@1.2.0
248 silly lockFile 31cef36d-gulp-rename-1-2-0 gulp-rename@^1.2.0
249 silly lockFile 31cef36d-gulp-rename-1-2-0 gulp-rename@^1.2.0
250 silly lockFile d66f14f4-rg-gulp-sass-gulp-sass-0-7-3-tgz https://registry.npmjs.org/gulp-sass/-/gulp-sass-0.7.3.tgz
251 silly lockFile d66f14f4-rg-gulp-sass-gulp-sass-0-7-3-tgz https://registry.npmjs.org/gulp-sass/-/gulp-sass-0.7.3.tgz
252 silly lockFile 721f0c96-gulp-sass-0-7-3 gulp-sass@0.7.3
253 silly lockFile 721f0c96-gulp-sass-0-7-3 gulp-sass@0.7.3
254 silly lockFile 77100620-gulp-sass-0-7-1 gulp-sass@^0.7.1
255 silly lockFile 77100620-gulp-sass-0-7-1 gulp-sass@^0.7.1
256 http 304 https://registry.npmjs.org/gulp
257 silly registry.get cb [ 304,
257 silly registry.get   { date: 'Tue, 14 Oct 2014 20:43:40 GMT',
257 silly registry.get     server: 'Apache',
257 silly registry.get     via: '1.1 varnish',
257 silly registry.get     'last-modified': 'Tue, 14 Oct 2014 20:43:40 GMT',
257 silly registry.get     'cache-control': 'max-age=60',
257 silly registry.get     etag: '"4G0ZDV1T1DORKDINFRKJFJ13B"',
257 silly registry.get     age: '0',
257 silly registry.get     'x-served-by': 'cache-dfw1833-DFW',
257 silly registry.get     'x-cache': 'HIT',
257 silly registry.get     'x-cache-hits': '1',
257 silly registry.get     'x-timer': 'S1413319420.473182,VS0,VE188',
257 silly registry.get     vary: 'Accept',
257 silly registry.get     'content-length': '0',
257 silly registry.get     'keep-alive': 'timeout=10, max=49',
257 silly registry.get     connection: 'Keep-Alive' } ]
258 verbose etag https://registry.npmjs.org/gulp from cache
259 silly addNameRange number 2 { name: 'gulp', range: '>=3.5.6-0 <4.0.0-0', hasData: true }
260 silly addNameRange versions [ 'gulp',
260 silly addNameRange   [ '0.0.1',
260 silly addNameRange     '0.0.2',
260 silly addNameRange     '0.0.3',
260 silly addNameRange     '0.0.4',
260 silly addNameRange     '0.0.5',
260 silly addNameRange     '0.0.7',
260 silly addNameRange     '0.0.8',
260 silly addNameRange     '0.0.9',
260 silly addNameRange     '0.1.0',
260 silly addNameRange     '0.2.0',
260 silly addNameRange     '1.0.0',
260 silly addNameRange     '1.1.0',
260 silly addNameRange     '1.2.0',
260 silly addNameRange     '1.2.1',
260 silly addNameRange     '2.0.0',
260 silly addNameRange     '2.0.1',
260 silly addNameRange     '2.1.0',
260 silly addNameRange     '2.2.0',
260 silly addNameRange     '2.3.0',
260 silly addNameRange     '2.4.0',
260 silly addNameRange     '2.4.1',
260 silly addNameRange     '2.6.0',
260 silly addNameRange     '2.6.1',
260 silly addNameRange     '2.7.0',
260 silly addNameRange     '3.0.0',
260 silly addNameRange     '3.1.1',
260 silly addNameRange     '3.1.2',
260 silly addNameRange     '3.1.3',
260 silly addNameRange     '3.1.4',
260 silly addNameRange     '3.2.0',
260 silly addNameRange     '3.2.1',
260 silly addNameRange     '3.2.2',
260 silly addNameRange     '3.2.3',
260 silly addNameRange     '3.2.4',
260 silly addNameRange     '3.2.5',
260 silly addNameRange     '3.3.0',
260 silly addNameRange     '3.3.1',
260 silly addNameRange     '3.3.2',
260 silly addNameRange     '3.3.4',
260 silly addNameRange     '3.4.0',
260 silly addNameRange     '3.5.0',
260 silly addNameRange     '3.5.1',
260 silly addNameRange     '3.5.2',
260 silly addNameRange     '3.5.5',
260 silly addNameRange     '3.5.6',
260 silly addNameRange     '3.6.0',
260 silly addNameRange     '3.6.1',
260 silly addNameRange     '3.6.2',
260 silly addNameRange     '3.7.0',
260 silly addNameRange     '3.8.0',
260 silly addNameRange     '3.8.1',
260 silly addNameRange     '3.8.2',
260 silly addNameRange     '3.8.3',
260 silly addNameRange     '3.8.4',
260 silly addNameRange     '3.8.5',
260 silly addNameRange     '3.8.6',
260 silly addNameRange     '3.8.7',
260 silly addNameRange     '3.8.8' ] ]
261 verbose addNamed [ 'gulp', '3.8.8' ]
262 verbose addNamed [ '3.8.8', '3.8.8' ]
263 silly lockFile 9f9512c0-gulp-3-8-8 gulp@3.8.8
264 verbose lock gulp@3.8.8 /Users/kjones/.npm/9f9512c0-gulp-3-8-8.lock
265 silly lockFile 9f9512c0-gulp-3-8-8 gulp@3.8.8
266 silly lockFile 9f9512c0-gulp-3-8-8 gulp@3.8.8
267 silly lockFile 28ac0b1b-gulp-3-5-6 gulp@^3.5.6
268 silly lockFile 28ac0b1b-gulp-3-5-6 gulp@^3.5.6
269 http 200 https://registry.npmjs.org/gulp-minify-css/-/gulp-minify-css-0.3.10.tgz
270 http 200 https://registry.npmjs.org/gulp-concat/-/gulp-concat-2.4.1.tgz
271 http 200 https://registry.npmjs.org/bower
272 silly registry.get cb [ 200,
272 silly registry.get   { date: 'Tue, 14 Oct 2014 20:43:40 GMT',
272 silly registry.get     server: 'CouchDB/1.5.0 (Erlang OTP/R16B03)',
272 silly registry.get     etag: '"58G8JQS4VOY0IVDMK4TVWLXKD"',
272 silly registry.get     'content-type': 'application/json',
272 silly registry.get     'cache-control': 'max-age=60',
272 silly registry.get     'content-length': '105309',
272 silly registry.get     'accept-ranges': 'bytes',
272 silly registry.get     via: '1.1 varnish',
272 silly registry.get     age: '1',
272 silly registry.get     'x-served-by': 'cache-dfw1824-DFW',
272 silly registry.get     'x-cache': 'HIT',
272 silly registry.get     'x-cache-hits': '1',
272 silly registry.get     'x-timer': 'S1413319420.349706,VS0,VE0',
272 silly registry.get     vary: 'Accept',
272 silly registry.get     'keep-alive': 'timeout=10, max=50',
272 silly registry.get     connection: 'Keep-Alive' } ]
273 http 200 https://registry.npmjs.org/gulp-util/-/gulp-util-2.2.20.tgz
274 silly addNameRange number 2 { name: 'bower', range: '>=1.3.3-0 <2.0.0-0', hasData: true }
275 silly addNameRange versions [ 'bower',
275 silly addNameRange   [ '0.1.0',
275 silly addNameRange     '0.1.2',
275 silly addNameRange     '0.1.3',
275 silly addNameRange     '0.2.0',
275 silly addNameRange     '0.3.0',
275 silly addNameRange     '0.3.1',
275 silly addNameRange     '0.3.2',
275 silly addNameRange     '0.4.0',
275 silly addNameRange     '0.5.0',
275 silly addNameRange     '0.5.1',
275 silly addNameRange     '0.6.0',
275 silly addNameRange     '0.6.1',
275 silly addNameRange     '0.6.2',
275 silly addNameRange     '0.6.3',
275 silly addNameRange     '0.6.4',
275 silly addNameRange     '0.6.5',
275 silly addNameRange     '0.6.6',
275 silly addNameRange     '0.6.7',
275 silly addNameRange     '0.6.8',
275 silly addNameRange     '0.7.0',
275 silly addNameRange     '0.7.1',
275 silly addNameRange     '0.8.0',
275 silly addNameRange     '0.8.1',
275 silly addNameRange     '0.8.2',
275 silly addNameRange     '0.8.3',
275 silly addNameRange     '0.8.4',
275 silly addNameRange     '0.8.5',
275 silly addNameRange     '0.8.6',
275 silly addNameRange     '0.9.0',
275 silly addNameRange     '0.9.1',
275 silly addNameRange     '0.9.2',
275 silly addNameRange     '0.10.0',
275 silly addNameRange     '1.0.0',
275 silly addNameRange     '1.0.1',
275 silly addNameRange     '1.0.2',
275 silly addNameRange     '1.0.3',
275 silly addNameRange     '1.1.0',
275 silly addNameRange     '1.1.1',
275 silly addNameRange     '1.1.2',
275 silly addNameRange     '1.2.0',
275 silly addNameRange     '1.2.1',
275 silly addNameRange     '1.2.2',
275 silly addNameRange     '1.2.3',
275 silly addNameRange     '1.2.4',
275 silly addNameRange     '1.2.5',
275 silly addNameRange     '1.2.6',
275 silly addNameRange     '1.2.7',
275 silly addNameRange     '1.2.8',
275 silly addNameRange     '1.3.0',
275 silly addNameRange     '1.3.1',
275 silly addNameRange     '1.3.2',
275 silly addNameRange     '1.3.3',
275 silly addNameRange     '1.3.4',
275 silly addNameRange     '1.3.5',
275 silly addNameRange     '1.3.6',
275 silly addNameRange     '1.3.7',
275 silly addNameRange     '1.3.8',
275 silly addNameRange     '1.3.9',
275 silly addNameRange     '1.3.10',
275 silly addNameRange     '1.3.11',
275 silly addNameRange     '1.3.12' ] ]
276 verbose addNamed [ 'bower', '1.3.12' ]
277 verbose addNamed [ '1.3.12', '1.3.12' ]
278 silly lockFile 9819431c-bower-1-3-12 bower@1.3.12
279 verbose lock bower@1.3.12 /Users/kjones/.npm/9819431c-bower-1-3-12.lock
280 silly lockFile 34166e88-g-gulp-util-gulp-util-2-2-20-tgz https://registry.npmjs.org/gulp-util/-/gulp-util-2.2.20.tgz
281 silly lockFile 34166e88-g-gulp-util-gulp-util-2-2-20-tgz https://registry.npmjs.org/gulp-util/-/gulp-util-2.2.20.tgz
282 silly lockFile 48c194cb-gulp-util-2-2-20 gulp-util@2.2.20
283 silly lockFile 48c194cb-gulp-util-2-2-20 gulp-util@2.2.20
284 silly lockFile b05fd70b-npmjs-org-bower-bower-1-3-12-tgz https://registry.npmjs.org/bower/-/bower-1.3.12.tgz
285 verbose lock https://registry.npmjs.org/bower/-/bower-1.3.12.tgz /Users/kjones/.npm/b05fd70b-npmjs-org-bower-bower-1-3-12-tgz.lock
286 silly lockFile e3e5f16b-gulp-util-2-2-14 gulp-util@^2.2.14
287 silly lockFile e3e5f16b-gulp-util-2-2-14 gulp-util@^2.2.14
288 verbose addRemoteTarball [ 'https://registry.npmjs.org/bower/-/bower-1.3.12.tgz',
288 verbose addRemoteTarball   '37de0edb3904baf90aee13384a1a379a05ee214c' ]
289 silly lockFile 86ce1ad4-ulp-concat-gulp-concat-2-4-1-tgz https://registry.npmjs.org/gulp-concat/-/gulp-concat-2.4.1.tgz
290 silly lockFile 86ce1ad4-ulp-concat-gulp-concat-2-4-1-tgz https://registry.npmjs.org/gulp-concat/-/gulp-concat-2.4.1.tgz
291 info retry fetch attempt 1 at 15:43:40
292 verbose fetch to= /var/folders/42/zr8g8_j56lnc4kcvs6nzysbw0000gp/T/npm-9714-IEI3kkeB/registry.npmjs.org/bower/-/bower-1.3.12.tgz
293 silly lockFile b6dee3ea-y-css-gulp-minify-css-0-3-10-tgz https://registry.npmjs.org/gulp-minify-css/-/gulp-minify-css-0.3.10.tgz
294 silly lockFile b6dee3ea-y-css-gulp-minify-css-0-3-10-tgz https://registry.npmjs.org/gulp-minify-css/-/gulp-minify-css-0.3.10.tgz
295 silly lockFile 248ae42e-gulp-concat-2-4-1 gulp-concat@2.4.1
296 silly lockFile 248ae42e-gulp-concat-2-4-1 gulp-concat@2.4.1
297 silly lockFile a5eaf149-gulp-minify-css-0-3-10 gulp-minify-css@0.3.10
298 silly lockFile a5eaf149-gulp-minify-css-0-3-10 gulp-minify-css@0.3.10
299 silly lockFile bade1119-gulp-concat-2-2-0 gulp-concat@^2.2.0
300 silly lockFile bade1119-gulp-concat-2-2-0 gulp-concat@^2.2.0
301 http GET https://registry.npmjs.org/bower/-/bower-1.3.12.tgz
302 silly lockFile 97140670-gulp-minify-css-0-3-0 gulp-minify-css@^0.3.0
303 silly lockFile 97140670-gulp-minify-css-0-3-0 gulp-minify-css@^0.3.0
304 http 200 https://registry.npmjs.org/shelljs/-/shelljs-0.3.0.tgz
305 silly lockFile 71d5ea4a-js-org-shelljs-shelljs-0-3-0-tgz https://registry.npmjs.org/shelljs/-/shelljs-0.3.0.tgz
306 silly lockFile 71d5ea4a-js-org-shelljs-shelljs-0-3-0-tgz https://registry.npmjs.org/shelljs/-/shelljs-0.3.0.tgz
307 silly lockFile 7d3918b1-shelljs-0-3-0 shelljs@0.3.0
308 silly lockFile 7d3918b1-shelljs-0-3-0 shelljs@0.3.0
309 silly lockFile 1ddaa962-shelljs-0-3-0 shelljs@^0.3.0
310 silly lockFile 1ddaa962-shelljs-0-3-0 shelljs@^0.3.0
311 http 200 https://registry.npmjs.org/bower/-/bower-1.3.12.tgz
312 silly lockFile b05fd70b-npmjs-org-bower-bower-1-3-12-tgz https://registry.npmjs.org/bower/-/bower-1.3.12.tgz
313 silly lockFile b05fd70b-npmjs-org-bower-bower-1-3-12-tgz https://registry.npmjs.org/bower/-/bower-1.3.12.tgz
314 silly lockFile 9819431c-bower-1-3-12 bower@1.3.12
315 silly lockFile 9819431c-bower-1-3-12 bower@1.3.12
316 silly lockFile 0aa5c27e-bower-1-3-3 bower@^1.3.3
317 silly lockFile 0aa5c27e-bower-1-3-3 bower@^1.3.3
318 error Error: EACCES, mkdir '/Users/kjones/.npm/gulp-util/2.2.20'
318 error  { [Error: EACCES, mkdir '/Users/kjones/.npm/gulp-util/2.2.20']
318 error   errno: 3,
318 error   code: 'EACCES',
318 error   path: '/Users/kjones/.npm/gulp-util/2.2.20',
318 error   parent: 'kj-calculator' }
319 error Please try running this command again as root/Administrator.
320 error System Darwin 13.4.0
321 error command "/usr/local/node/bin/node" "/usr/local/node/bin/npm" "install"
322 error cwd /Users/kjones/Documents/Code/kj-calculator
323 error node -v v0.10.32
324 error npm -v 1.4.28
325 error path /Users/kjones/.npm/gulp-util/2.2.20
326 error code EACCES
327 error errno 3
328 error stack Error: EACCES, mkdir '/Users/kjones/.npm/gulp-util/2.2.20'
329 verbose exit [ 3, true ]
